\BOOKMARK [0][-]{chapter*.2}{\376\377\000\332\000v\000o\000d}{}% 1
\BOOKMARK [0][-]{chapter.1}{\376\377\000Z\000\341\000k\000l\000a\000d\000n\000\351\000\040\000p\000o\000j\000m\000y}{}% 2
\BOOKMARK [1][-]{section.1.1}{\376\377\000F\000u\000t\000b\000a\000l}{chapter.1}% 3
\BOOKMARK [2][-]{subsection.1.1.1}{\376\377\000F\000u\000t\000b\000a\000l\000o\000v\000\351\000\040\000l\000i\000g\000y}{section.1.1}% 4
\BOOKMARK [1][-]{section.1.2}{\376\377\000T\000e\000n\000i\000s}{chapter.1}% 5
\BOOKMARK [2][-]{subsection.1.2.1}{\376\377\000T\000u\000r\000n\000a\000j\000e\000\040\000A\000T\000P\000\040\000T\000o\000u\000r}{section.1.2}% 6
\BOOKMARK [1][-]{section.1.3}{\376\377\000P\000o\000r\000o\000v\000n\000a\000n\000i\000e\000\040\000f\000u\000t\000b\000a\000l\000u\000\040\000a\000\040\000t\000e\000n\000i\000s\000u}{chapter.1}% 7
\BOOKMARK [1][-]{section.1.4}{\376\377\000K\000u\000r\000z\000y\000\040\000s\000t\000\341\000v\000k\000o\000v\000\375\000c\000h\000\040\000n\000a\000\040\000k\000a\000n\000c\000e\000l\000\341\000r\000i\000\355}{chapter.1}% 8
\BOOKMARK [0][-]{chapter.2}{\376\377\000N\000e\000u\000r\000\363\000n\000o\000v\000\351\000\040\000s\000i\000e\000t\000e}{}% 9
\BOOKMARK [1][-]{section.2.1}{\376\377\000D\000o\000p\000r\000e\000d\000n\000\351\000\040\000n\000e\000u\000r\000\363\000n\000o\000v\000\351\000\040\000s\000i\000e\000t\000e}{chapter.2}% 10
\BOOKMARK [1][-]{section.2.2}{\376\377\000R\000e\000k\000u\000r\000e\000n\000t\000n\000\351\000\040\000n\000e\000u\000r\000\363\000n\000o\000v\000\351\000\040\000s\000i\000e\000t\000e}{chapter.2}% 11
\BOOKMARK [0][-]{chapter.3}{\376\377\000D\000a\000t\000a\000s\000e\000t\000y}{}% 12
\BOOKMARK [1][-]{section.3.1}{\376\377\000F\000u\000t\000b\000a\000l}{chapter.3}% 13
\BOOKMARK [1][-]{section.3.2}{\376\377\000T\000e\000n\000i\000s}{chapter.3}% 14
\BOOKMARK [0][-]{chapter.4}{\376\377\000S\000t\000a\000v\000b\000a\000\040\000s\000i\000e\000t\000e}{}% 15
\BOOKMARK [0][-]{chapter.5}{\376\377\000D\000o\000k\000u\000m\000e\000n\000t\000\341\000c\000i\000a}{}% 16
\BOOKMARK [1][-]{section.5.1}{\376\377\000F\000u\000t\000b\000a\000l}{chapter.5}% 17
\BOOKMARK [1][-]{section.5.2}{\376\377\000T\000e\000n\000i\000s}{chapter.5}% 18
\BOOKMARK [0][-]{chapter*.5}{\376\377\000Z\000\341\000v\000e\000r}{}% 19
\BOOKMARK [0][-]{chapter*.6}{\376\377\000Z\000o\000z\000n\000a\000m\000\040\000p\000o\000u\001\176\000i\000t\000e\000j\000\040\000l\000i\000t\000e\000r\000a\000t\000\372\000r\000y}{}% 20
\BOOKMARK [0][-]{chapter*.7}{\376\377\000Z\000o\000z\000n\000a\000m\000\040\000o\000b\000r\000\341\000z\000k\000o\000v}{}% 21
\BOOKMARK [0][-]{chapter*.8}{\376\377\000Z\000o\000z\000n\000a\000m\000\040\000t\000a\000b\000u\000l\000i\000e\000k}{}% 22
\BOOKMARK [0][-]{chapter*.9}{\376\377\000S\000e\000z\000n\000a\000m\000\040\000p\000o\000u\001\176\000i\000t\000\375\000c\000h\000\040\000z\000k\000r\000a\000t\000e\000k}{}% 23
\BOOKMARK [0][-]{appendix.A}{\376\377\000P\000r\000\355\000l\000o\000h\000y}{}% 24
\BOOKMARK [1][-]{section.A.1}{\376\377\000V\000s\000t\000u\000p\000\040\000n\000e\000u\000r\000\363\000n\000o\000v\000e\000j\000\040\000s\000i\000e\000t\000e\000\040\000p\000r\000e\000\040\000f\000u\000t\000b\000a\000l}{appendix.A}% 25
\BOOKMARK [1][-]{section.A.2}{\376\377\000V\000s\000t\000u\000p\000\040\000n\000e\000u\000r\000\363\000n\000o\000v\000e\000j\000\040\000s\000i\000e\000t\000e\000\040\000p\000r\000e\000\040\000t\000e\000n\000i\000s}{appendix.A}% 26
